2018-04-04T10:30:00.000Z 'test Set'
Mon, 02 Apr 2018 16:31:55 GMT express deprecated res.json(status, obj): Use res.status(status).json(obj) instead at routes/index.js:21:7
[0mPOST /set [32m200 [0m35.598 ms - 16[0m
[0mGET / [36m304 [0m341.416 ms - -[0m
[0mGET / [32m200 [0m323.298 ms - 3332[0m
[0mGET /datetimepicker/css/bootstrap-datetimepicker.min.css [32m200 [0m19.956 ms - 11276[0m
[0mGET /datetimepicker/js/bootstrap-datetimepicker.min.js [32m200 [0m16.751 ms - 39213[0m
[0mGET /favicon.ico [33m404 [0m32.949 ms - 1035[0m
[0mGET / [32m200 [0m66.241 ms - 3332[0m
[0mGET /datetimepicker/css/bootstrap-datetimepicker.min.css [32m200 [0m0.641 ms - 11276[0m
[0mGET /datetimepicker/js/bootstrap-datetimepicker.min.js [32m200 [0m0.388 ms - 39213[0m
[0mGET /favicon.ico [33m404 [0m16.812 ms - 1035[0m
Tue, 03 Apr 2018 08:27:37 GMT express deprecated res.json(status, obj): Use res.status(status).json(obj) instead at routes/index.js:20:7
[0mPOST /set [32m200 [0m20.199 ms - 16[0m
Send!
Send!
Send!
Send!
Send!
Send!
Send!
Send!
Send!
Send!
Send!
Send!
Send!
Send!
Send!
Send!
Send!
Send!
Send!
Send!
Send!
Send!
Send!
Send!
Send!
Send!
Send!
Send!
Send!
Send!
Send!
Send!
Send!
Send!
Send!
Send!
Send!
Send!
Send!
Send!
Send!
Send!
Send!
Send!
Send!
Send!
Send!
Send!
Send!
Send!
Send!
Send!
Send!
Send!
Send!
Send!
Send!
Send!
Send!
Send!
[0mGET /datetimepicker/css/bootstrap-datetimepicker.min.css [36m304 [0m1.082 ms - -[0m
[0mPOST /set [32m200 [0m2.942 ms - 16[0m
[0mPROPFIND / [33m404 [0m33.493 ms - 1035[0m
/root/Desktop/mailTest/models/schedule.js:13
chedule = require("node-schedule");
        ^

ReferenceError: chedule is not defined
    at Object.<anonymous> (/root/Desktop/mailTest/models/schedule.js:1:1)
    at Module._compile (module.js:649:30)
    at loader (/usr/lib/node_modules/babel-cli/node_modules/babel-register/lib/node.js:144:5)
    at Object.require.extensions.(anonymous function) [as .js] (/usr/lib/node_modules/babel-cli/node_modules/babel-register/lib/node.js:154:7)
    at Module.load (module.js:561:32)
    at tryModuleLoad (module.js:501:12)
    at Function.Module._load (module.js:493:3)
    at Module.require (module.js:593:17)
    at require (internal/module.js:11:18)
    at Object.<anonymous> (/root/Desktop/mailTest/routes/index.js:3:1)
[0mGET / [36m304 [0m350.400 ms - -[0m
[0mGET /datetimepicker/css/bootstrap-datetimepicker.min.css [36m304 [0m2.767 ms - -[0m
[0mGET /datetimepicker/js/bootstrap-datetimepicker.min.js [36m304 [0m2.657 ms - -[0m
Tue, 03 Apr 2018 08:53:09 GMT express deprecated res.json(status, obj): Use res.status(status).json(obj) instead at routes/index.js:20:7
[0mPOST /set [32m200 [0m21.150 ms - 16[0m
[0mGET / [36m304 [0m78.397 ms - -[0m
[0mGET /datetimepicker/css/bootstrap-datetimepicker.min.css [36m304 [0m0.852 ms - -[0m
[0mGET /datetimepicker/js/bootstrap-datetimepicker.min.js [36m304 [0m0.335 ms - -[0m
Send!
Send!
Send!
Send!
Send!
Send!
Send!
Send!
Send!
Send!
Send!
Send!
Send!
Send!
Send!
Send!
Send!
Send!
Send!
Send!
Send!
Send!
Send!
Send!
Send!
Send!
Send!
Send!
Send!
Send!
Send!
Send!
Send!
Send!
Send!
Send!
Send!
Send!
Send!
Send!
Send!
Send!
Send!
Send!
Send!
Send!
Send!
Send!
Send!
Send!
Send!
Send!
Send!
Send!
Send!
Send!
Send!
Send!
Send!
Send!
[0mGET / [36m304 [0m358.182 ms - -[0m
[0mGET /datetimepicker/css/bootstrap-datetimepicker.min.css [36m304 [0m3.930 ms - -[0m
[0mGET /datetimepicker/js/bootstrap-datetimepicker.min.js [36m304 [0m3.806 ms - -[0m
Tue, 03 Apr 2018 09:04:06 GMT express deprecated res.json(status, obj): Use res.status(status).json(obj) instead at routes/index.js:20:7
[0mPOST /set [32m200 [0m24.960 ms - 16[0m
Send!
[0mGET / [36m304 [0m85.086 ms - -[0m
[0mGET /datetimepicker/css/bootstrap-datetimepicker.min.css [36m304 [0m0.614 ms - -[0m
[0mGET /datetimepicker/js/bootstrap-datetimepicker.min.js [36m304 [0m0.431 ms - -[0m
[0mGET /datetimepicker/css/bootstrap-datetimepicker.min.css [36m304 [0m0.334 ms - -[0m
[0mGET / [32m200 [0m70.625 ms - 3332[0m
[0mGET /datetimepicker/css/bootstrap-datetimepicker.min.css [32m200 [0m2.981 ms - 11276[0m
[0mGET /datetimepicker/js/bootstrap-datetimepicker.min.js [32m200 [0m0.808 ms - 39213[0m
